<?xml version="1.0" encoding="UTF-8"?>
<!-- Generated by org.testng.reporters.JUnitReportReporter -->
<testsuite hostname="DESKTOP-1FBI19U" failures="0" tests="1" name="cucumber.TestNGTestRunner" time="7.038" errors="0" timestamp="2025-05-07T15:08:24 EDT" skipped="0">
  <testcase classname="cucumber.TestNGTestRunner" name="runScenario" time="7.038"/>
</testsuite> <!-- cucumber.TestNGTestRunner -->
