<?xml version="1.0" encoding="UTF-8"?>
<!-- Generated by org.testng.reporters.JUnitReportReporter -->
<testsuite hostname="DESKTOP-1FBI19U" failures="0" tests="1" name="MCompleteSeleniumFramework.Tests.StandAloneTest" time="15.147" errors="0" timestamp="2025-04-21T12:00:11 EDT" skipped="0">
  <testcase classname="MCompleteSeleniumFramework.Tests.StandAloneTest" name="submitOrder" time="15.147"/>
</testsuite> <!-- MCompleteSeleniumFramework.Tests.StandAloneTest -->
