<?xml version="1.0" encoding="UTF-8"?>
<!-- Generated by org.testng.reporters.JUnitReportReporter -->
<testsuite hostname="DESKTOP-1FBI19U" failures="0" tests="1" name="MCompleteSeleniumFramework.StandAloneTest" time="12.832" errors="0" timestamp="2025-04-18T14:45:28 EDT" skipped="0">
  <testcase classname="MCompleteSeleniumFramework.StandAloneTest" name="submitOrder" time="12.832"/>
</testsuite> <!-- MCompleteSeleniumFramework.StandAloneTest -->
