<?xml version="1.0" encoding="UTF-8"?>
<!-- Generated by org.testng.reporters.JUnitReportReporter -->
<testsuite hostname="DESKTOP-1FBI19U" failures="0" tests="1" name="MCompleteSeleniumFramework.Tests.MErrorValidationsTest" time="8.154" errors="0" timestamp="2025-05-07T15:16:22 EDT" skipped="0">
  <testcase classname="MCompleteSeleniumFramework.Tests.MErrorValidationsTest" name="logInErrorValidation" time="8.154"/>
</testsuite> <!-- MCompleteSeleniumFramework.Tests.MErrorValidationsTest -->
