<?xml version="1.0" encoding="UTF-8"?>
<!-- Generated by org.testng.reporters.JUnitReportReporter -->
<testsuite hostname="DESKTOP-1FBI19U" failures="0" tests="2" name="MCompleteSeleniumFramework.Tests.MStandAloneTest" time="26.672" errors="0" timestamp="2025-05-13T11:27:13 EDT" skipped="0">
  <testcase classname="MCompleteSeleniumFramework.Tests.MStandAloneTest" name="submitOrder" time="12.501"/>
  <testcase classname="MCompleteSeleniumFramework.Tests.MStandAloneTest" name="submitOrder" time="14.171"/>
</testsuite> <!-- MCompleteSeleniumFramework.Tests.MStandAloneTest -->
