<?xml version="1.0" encoding="UTF-8"?>
<!-- Generated by org.testng.reporters.JUnitReportReporter -->
<testsuite hostname="DESKTOP-1FBI19U" failures="0" tests="1" name="cucumber.TestNGTestRunner" time="10.247" errors="0" timestamp="2025-05-07T15:39:55 EDT" skipped="0">
  <testcase classname="cucumber.TestNGTestRunner" name="runScenario" time="10.247"/>
</testsuite> <!-- cucumber.TestNGTestRunner -->
