<?xml version="1.0" encoding="UTF-8"?>
<!-- Generated by org.testng.reporters.JUnitReportReporter -->
<testsuite hostname="DESKTOP-1FBI19U" failures="0" tests="2" name="MCompleteSeleniumFramework.Tests.MErrorValidationsTest" time="20.153" errors="0" timestamp="2025-05-13T12:41:35 EDT" skipped="0">
  <testcase classname="MCompleteSeleniumFramework.Tests.MErrorValidationsTest" name="logInErrorValidation" time="8.141"/>
  <testcase classname="MCompleteSeleniumFramework.Tests.MErrorValidationsTest" name="productErrorValidation" time="12.012"/>
</testsuite> <!-- MCompleteSeleniumFramework.Tests.MErrorValidationsTest -->
