<?xml version="1.0" encoding="UTF-8"?>
<!-- Generated by org.testng.reporters.JUnitReportReporter -->
<testsuite hostname="DESKTOP-1FBI19U" failures="0" tests="3" name="MCompleteSeleniumFramework.Tests.MStandAloneTest" time="35.391" errors="0" timestamp="2025-05-13T12:41:35 EDT" skipped="0">
  <testcase classname="MCompleteSeleniumFramework.Tests.MStandAloneTest" name="orderHistoryTest" time="7.217"/>
  <testcase classname="MCompleteSeleniumFramework.Tests.MStandAloneTest" name="submitOrder" time="14.278"/>
  <testcase classname="MCompleteSeleniumFramework.Tests.MStandAloneTest" name="submitOrder" time="13.896"/>
</testsuite> <!-- MCompleteSeleniumFramework.Tests.MStandAloneTest -->
