<?xml version="1.0" encoding="UTF-8"?>
<!-- Generated by org.testng.reporters.JUnitReportReporter -->
<testsuite hostname="DESKTOP-1FBI19U" failures="0" tests="3" name="MCompleteSeleniumFramework.Tests.MStandAloneTest" time="38.979" errors="0" timestamp="2025-05-07T15:36:32 EDT" skipped="0">
  <testcase classname="MCompleteSeleniumFramework.Tests.MStandAloneTest" name="submitOrder" time="14.736"/>
  <testcase classname="MCompleteSeleniumFramework.Tests.MStandAloneTest" name="orderHistoryTest" time="8.183"/>
  <testcase classname="MCompleteSeleniumFramework.Tests.MStandAloneTest" name="submitOrder" time="16.060"/>
</testsuite> <!-- MCompleteSeleniumFramework.Tests.MStandAloneTest -->
